<?xml version="1.0" encoding="UTF-8"?>
<!-- Generated by org.testng.reporters.JUnitReportReporter -->
<testsuite hostname="Nandinis-MacBook-Air.local" failures="0" tests="4" name="nandini.Tests.StandaloneTest" time="17.894" errors="0" timestamp="2025-03-04T23:48:01 IST" skipped="0">
  <testcase classname="nandini.Tests.StandaloneTest" name="SubmitOrder" time="6.067"/>
  <testcase classname="nandini.Tests.StandaloneTest" name="SubmitOrder" time="5.640"/>
  <testcase classname="nandini.Tests.StandaloneTest" name="OrderHistoryTest" time="4.199"/>
  <testcase classname="nandini.Tests.StandaloneTest" name="OrderHistoryTest" time="1.988"/>
</testsuite> <!-- nandini.Tests.StandaloneTest -->
