<?xml version="1.0" encoding="UTF-8"?>
<!-- Generated by org.testng.reporters.JUnitReportReporter -->
<testsuite hostname="Nandinis-MacBook-Air.local" failures="0" tests="4" name="nandini.Tests.StandaloneTest" time="19.854" errors="0" timestamp="2025-03-07T09:44:56 IST" skipped="0">
  <testcase classname="nandini.Tests.StandaloneTest" name="OrderHistoryTest" time="3.707"/>
  <testcase classname="nandini.Tests.StandaloneTest" name="OrderHistoryTest" time="3.487"/>
  <testcase classname="nandini.Tests.StandaloneTest" name="SubmitOrder" time="6.528"/>
  <testcase classname="nandini.Tests.StandaloneTest" name="SubmitOrder" time="6.132"/>
</testsuite> <!-- nandini.Tests.StandaloneTest -->
