<?xml version="1.0" encoding="UTF-8"?>
<!-- Generated by org.testng.reporters.JUnitReportReporter -->
<testsuite hostname="Nandinis-MacBook-Air.local" failures="0" tests="1" name="nandini.cucumber.TestNGTestRunner" time="2.752" errors="0" timestamp="2025-03-17T11:37:29 IST" skipped="0">
  <testcase classname="nandini.cucumber.TestNGTestRunner" name="runScenario" time="2.752"/>
</testsuite> <!-- nandini.cucumber.TestNGTestRunner -->
