<?xml version="1.0" encoding="UTF-8"?>
<!-- Generated by org.testng.reporters.JUnitReportReporter -->
<testsuite hostname="Nandinis-MacBook-Air.local" failures="0" tests="2" name="nandini.nandini" time="0.001" errors="0" timestamp="2025-02-19T11:19:01 IST" skipped="0">
  <testcase classname="nandini.nandini" name="nice" time="0.001"/>
  <testcase classname="nandini.nandini" name="test" time="0.000"/>
</testsuite> <!-- nandini.nandini -->
